the answers are:      0 1 4 3
read from controller: 1 4 3 1
write  to controller: 0 3
read from controller: 5 1 4 0
write  to controller: 2 1
read from controller: 3 1 2 1
write  to controller: 1 1
read from controller: 2 1 5 4
write  to controller: 1 1
read from controller: 0 0 4 4
write  to controller: 2 0
read from controller: 5 2 3 3
write  to controller: 1 0
read from controller: 2 2 2 1
write  to controller: 0 1
read from controller: 1 1 5 0
write  to controller: 1 1
read from controller: 0 0 5 3
write  to controller: 2 0
read from controller: 1 4 1 4
write  to controller: 0 2
read from controller: 3 3 3 5
write  to controller: 0 1
read from controller: 2 1 2 2
write  to controller: 1 0
read from controller: 5 0 5 4
write  to controller: 0 2
read from controller: 1 2 2 3
write  to controller: 1 1
read from controller: 2 2 4 1
write  to controller: 1 1
read from controller: 3 3 2 3
write  to controller: 1 0
read from controller: 2 5 4 3
write  to controller: 2 0
read from controller: 1 5 0 3
write  to controller: 1 2
read from controller: 0 3 2 3
write  to controller: 2 0
read from controller: 2 2 3 2
write  to controller: 0 1
read from controller: 1 0 0 2
write  to controller: 0 2
read from controller: 2 0 3 5
write  to controller: 0 2
read from controller: 2 1 0 0
write  to controller: 1 1
read from controller: 2 0 1 4
write  to controller: 0 3
read from controller: 4 0 0 5
write  to controller: 0 2
read from controller: 3 4 2 4
write  to controller: 0 2
read from controller: 5 3 5 2
write  to controller: 0 1
read from controller: 3 0 4 2
write  to controller: 1 2
read from controller: 1 2 2 1
write  to controller: 0 1
read from controller: 3 5 4 5
write  to controller: 1 1
read from controller: 4 3 3 1
write  to controller: 0 3
read from controller: 3 5 3 5
write  to controller: 0 1
read from controller: 3 1 3 4
write  to controller: 1 2
read from controller: 5 3 0 5
write  to controller: 0 2
read from controller: 4 5 5 2
write  to controller: 0 1
read from controller: 4 3 2 5
write  to controller: 0 2
read from controller: 3 5 0 0
write  to controller: 0 2
read from controller: 4 5 4 3
write  to controller: 2 0
read from controller: 0 5 2 1
write  to controller: 1 1
read from controller: 2 3 1 5
write  to controller: 0 2
read from controller: 5 4 2 2
write  to controller: 0 1
read from controller: 1 2 1 4
write  to controller: 0 2
read from controller: 2 4 0 4
write  to controller: 0 2
read from controller: 5 1 3 4
write  to controller: 1 2
read from controller: 4 5 5 4
write  to controller: 0 1
read from controller: 5 5 0 1
write  to controller: 0 2
read from controller: 2 1 5 1
write  to controller: 1 0
read from controller: 3 1 2 2
write  to controller: 1 1
read from controller: 3 3 0 3
write  to controller: 1 1
read from controller: 2 4 1 1
write  to controller: 0 2
read from controller: 5 2 2 4
write  to controller: 0 1
read from controller: 4 4 0 0
write  to controller: 0 2
read from controller: 3 3 5 0
write  to controller: 0 2
read from controller: 2 3 0 5
write  to controller: 0 2
read from controller: 2 5 4 5
write  to controller: 1 0
read from controller: 4 0 5 5
write  to controller: 0 2
read from controller: 2 4 3 2
write  to controller: 0 2
read from controller: 0 2 1 3
write  to controller: 2 1
read from controller: 3 4 2 5
write  to controller: 0 2
read from controller: 2 0 5 3
write  to controller: 1 1
read from controller: 4 2 4 4
write  to controller: 1 0
read from controller: 5 4 3 1
write  to controller: 0 3
read from controller: 1 0 4 5
write  to controller: 1 2
read from controller: 0 2 4 0
write  to controller: 2 0
read from controller: 0 5 2 4
write  to controller: 1 1
read from controller: 0 2 2 3
write  to controller: 2 0
read from controller: 0 2 0 0
write  to controller: 1 0
read from controller: 2 5 3 4
write  to controller: 0 2
read from controller: 2 5 3 5
write  to controller: 0 1
read from controller: 3 4 1 2
write  to controller: 0 3
read from controller: 4 3 1 5
write  to controller: 0 3
read from controller: 5 4 3 3
write  to controller: 1 1
read from controller: 1 0 2 1
write  to controller: 0 2
read from controller: 2 2 2 0
write  to controller: 0 1
read from controller: 4 2 0 0
write  to controller: 0 2
read from controller: 0 1 3 0
write  to controller: 2 1
read from controller: 1 0 5 2
write  to controller: 0 2
read from controller: 4 4 3 3
write  to controller: 1 1
read from controller: 2 2 0 5
write  to controller: 0 1
read from controller: 0 3 1 0
write  to controller: 1 2
read from controller: 1 1 5 1
write  to controller: 1 0
read from controller: 3 2 1 1
write  to controller: 0 2
read from controller: 2 5 5 0
write  to controller: 0 1
read from controller: 5 2 0 4
write  to controller: 0 2
read from controller: 0 4 4 5
write  to controller: 2 0
read from controller: 2 1 0 2
write  to controller: 1 1
read from controller: 4 0 2 2
write  to controller: 0 2
read from controller: 1 3 2 1
write  to controller: 0 2
read from controller: 4 2 2 5
write  to controller: 0 1
read from controller: 2 2 0 2
write  to controller: 0 1
read from controller: 5 3 3 4
write  to controller: 0 2
read from controller: 0 1 2 4
write  to controller: 2 1
read from controller: 5 5 3 2
write  to controller: 0 1
read from controller: 0 1 4 4
write  to controller: 3 0
read from controller: 5 4 1 1
write  to controller: 0 2
read from controller: 5 1 2 1
write  to controller: 1 0
read from controller: 1 2 0 3
write  to controller: 1 2
read from controller: 4 4 4 2
write  to controller: 1 0
read from controller: 0 1 4 0
write  to controller: 3 0
read from controller: 0 0 0 0
write  to controller: 1 0
read from controller: 1 2 3 1
write  to controller: 0 2
read from controller: 1 2 0 0
write  to controller: 0 2
read from controller: 1 0 2 3
write  to controller: 1 2
read from controller: 2 0 0 5
write  to controller: 0 1
read from controller: 3 5 5 4
write  to controller: 0 2
read from controller: 0 3 2 4
write  to controller: 1 2
read from controller: 1 2 3 3
write  to controller: 1 1
read from controller: 4 0 2 3
write  to controller: 1 2
read from controller: 0 2 2 1
write  to controller: 1 1
read from controller: 2 2 4 2
write  to controller: 1 0
read from controller: 2 3 1 1
write  to controller: 0 2
read from controller: 5 2 0 3
write  to controller: 1 1
read from controller: 1 5 5 2
write  to controller: 0 1
read from controller: 0 5 1 0
write  to controller: 1 1
read from controller: 5 1 5 1
write  to controller: 1 0
read from controller: 3 4 4 5
write  to controller: 1 1
read from controller: 5 3 5 4
write  to controller: 0 2
read from controller: 0 5 5 0
write  to controller: 1 0
read from controller: 3 4 0 2
write  to controller: 0 3
read from controller: 3 3 2 2
write  to controller: 0 1
read from controller: 5 0 0 3
write  to controller: 1 1
read from controller: 3 5 3 3
write  to controller: 1 0
read from controller: 5 0 0 4
write  to controller: 0 2
read from controller: 4 5 2 2
write  to controller: 0 1
read from controller: 3 2 2 4
write  to controller: 0 2
read from controller: 4 0 0 0
write  to controller: 0 2
read from controller: 4 2 0 1
write  to controller: 0 3
read from controller: 0 4 5 4
write  to controller: 1 1
read from controller: 3 0 5 1
write  to controller: 0 3
read from controller: 1 1 2 4
write  to controller: 1 1
read from controller: 0 1 2 2
write  to controller: 2 0
read from controller: 0 3 2 1
write  to controller: 1 2
read from controller: 3 2 5 5
write  to controller: 0 1
read from controller: 2 3 3 4
write  to controller: 0 2
read from controller: 4 4 4 4
write  to controller: 1 0
read from controller: 2 3 0 4
write  to controller: 0 3
read from controller: 1 5 3 1
write  to controller: 0 2
read from controller: 5 0 5 3
write  to controller: 1 1
read from controller: 1 2 5 5
write  to controller: 0 1
read from controller: 3 1 1 0
write  to controller: 1 2
read from controller: 3 4 3 3
write  to controller: 1 1
read from controller: 5 0 0 5
write  to controller: 0 1
read from controller: 1 1 3 0
write  to controller: 1 2
read from controller: 4 1 1 1
write  to controller: 1 1
read from controller: 5 1 4 4
write  to controller: 2 0
read from controller: 1 1 3 4
write  to controller: 1 2
read from controller: 5 3 5 5
write  to controller: 0 1
read from controller: 4 5 1 1
write  to controller: 0 2
read from controller: 3 1 5 2
write  to controller: 1 1
read from controller: 0 2 2 5
write  to controller: 1 0
read from controller: 1 4 4 4
write  to controller: 1 1
read from controller: 3 3 2 4
write  to controller: 0 2
read from controller: 2 4 0 3
write  to controller: 1 2
read from controller: 0 0 4 3
write  to controller: 3 0
read from controller: 3 1 2 0
write  to controller: 1 2
read from controller: 0 3 5 1
write  to controller: 1 2
read from controller: 5 4 2 4
write  to controller: 0 1
read from controller: 0 5 3 3
write  to controller: 2 0
read from controller: 2 3 5 2
write  to controller: 0 1
read from controller: 1 3 5 0
write  to controller: 0 3
read from controller: 1 4 3 2
write  to controller: 0 3
read from controller: 5 2 3 2
write  to controller: 0 1
read from controller: 4 1 0 3
write  to controller: 2 2
read from controller: 5 0 2 3
write  to controller: 1 1
read from controller: 5 5 0 5
write  to controller: 0 1
read from controller: 2 3 2 2
write  to controller: 0 1
read from controller: 0 5 2 5
write  to controller: 1 0
read from controller: 1 3 1 5
write  to controller: 0 2
read from controller: 2 0 1 0
write  to controller: 0 2
read from controller: 5 5 4 2
write  to controller: 1 0
read from controller: 3 3 1 3
write  to controller: 1 1
read from controller: 0 1 5 4
write  to controller: 2 1
read from controller: 0 5 3 2
write  to controller: 1 1
read from controller: 3 5 1 2
write  to controller: 0 2
read from controller: 1 2 1 3
write  to controller: 1 1
read from controller: 2 5 0 0
write  to controller: 0 1
read from controller: 3 0 2 4
write  to controller: 0 3
read from controller: 1 3 2 2
write  to controller: 0 2
read from controller: 4 5 0 4
write  to controller: 0 2
read from controller: 3 2 4 4
write  to controller: 1 1
read from controller: 5 5 0 0
write  to controller: 0 1
read from controller: 1 2 1 0
write  to controller: 0 2
read from controller: 3 2 0 3
write  to controller: 1 1
read from controller: 0 4 4 3
write  to controller: 3 0
read from controller: 2 0 2 4
write  to controller: 0 2
read from controller: 5 4 1 2
write  to controller: 0 2
read from controller: 4 0 0 3
write  to controller: 1 2
read from controller: 1 2 3 4
write  to controller: 0 3
read from controller: 5 1 1 5
write  to controller: 1 0
read from controller: 5 3 0 2
write  to controller: 0 2
read from controller: 1 0 0 0
write  to controller: 0 2
read from controller: 0 4 3 0
write  to controller: 1 2
read from controller: 0 5 0 5
write  to controller: 1 0
read from controller: 3 5 2 0
write  to controller: 0 2
read from controller: 4 4 1 3
write  to controller: 1 2
read from controller: 0 4 5 3
write  to controller: 2 1
read from controller: 5 4 0 5
write  to controller: 0 2
read from controller: 0 1 5 1
write  to controller: 2 0
read from controller: 1 5 2 2
write  to controller: 0 1
read from controller: 1 3 0 1
write  to controller: 0 3
read from controller: 3 3 2 5
write  to controller: 0 1
read from controller: 1 3 2 5
write  to controller: 0 2
read from controller: 4 3 4 4
write  to controller: 1 1
read from controller: 4 3 3 4
write  to controller: 0 2
read from controller: 0 3 4 1
write  to controller: 2 2
read from controller: 0 1 3 4
write  to controller: 2 2
read from controller: 4 5 1 3
write  to controller: 1 2
read from controller: 0 2 3 0
write  to controller: 1 1
read from controller: 1 4 0 3
write  to controller: 1 3
read from controller: 1 4 5 4
write  to controller: 0 2
read from controller: 0 3 0 4
write  to controller: 1 2
read from controller: 4 4 0 3
write  to controller: 1 2
read from controller: 0 1 5 0
write  to controller: 2 0
read from controller: 2 0 2 5
write  to controller: 0 1
read from controller: 5 4 0 3
write  to controller: 1 2
read from controller: 0 1 4 5
write  to controller: 3 0
read from controller: 5 4 3 5
write  to controller: 0 2
read from controller: 0 2 3 4
write  to controller: 1 2
read from controller: 3 3 3 0
write  to controller: 0 2
read from controller: 5 1 3 3
write  to controller: 2 0
read from controller: 2 0 3 2
write  to controller: 0 2
read from controller: 0 0 1 4
write  to controller: 1 2
read from controller: 1 5 3 5
write  to controller: 0 2
read from controller: 3 4 4 1
write  to controller: 1 2
read from controller: 5 1 0 2
write  to controller: 1 1
read from controller: 4 4 2 4
write  to controller: 0 1
read from controller: 1 4 0 1
write  to controller: 0 3
read from controller: 2 5 5 1
write  to controller: 0 1
read from controller: 4 1 0 5
write  to controller: 1 2
read from controller: 5 4 1 4
write  to controller: 0 2
read from controller: 3 5 5 3
write  to controller: 1 0
read from controller: 2 5 2 4
write  to controller: 0 1
read from controller: 1 4 0 4
write  to controller: 0 3
read from controller: 2 2 5 3
write  to controller: 1 0
read from controller: 0 5 3 0
write  to controller: 1 1
read from controller: 3 0 2 1
write  to controller: 0 3
read from controller: 5 4 3 2
write  to controller: 0 2
read from controller: 3 2 4 5
write  to controller: 1 1
read from controller: 0 0 1 1
write  to controller: 1 1
read from controller: 5 1 5 5
write  to controller: 1 0
read from controller: 1 2 2 2
write  to controller: 0 1
read from controller: 0 3 0 3
write  to controller: 2 0
read from controller: 4 2 2 3
write  to controller: 1 1
read from controller: 4 0 5 4
write  to controller: 0 2
read from controller: 5 0 0 2
write  to controller: 0 1
read from controller: 5 3 1 1
write  to controller: 0 2
read from controller: 0 1 1 0
write  to controller: 2 0
read from controller: 5 5 1 1
write  to controller: 0 1
read from controller: 2 3 4 3
write  to controller: 2 0
read from controller: 5 5 5 2
write  to controller: 0 0
read from controller: 3 0 0 1
write  to controller: 0 3
read from controller: 4 3 4 3
write  to controller: 2 0
read from controller: 1 4 3 4
write  to controller: 0 3
read from controller: 0 4 3 3
write  to controller: 2 1
read from controller: 0 3 1 4
write  to controller: 1 3
read from controller: 3 3 3 4
write  to controller: 0 2
read from controller: 4 3 1 3
write  to controller: 1 2
read from controller: 1 0 1 0
write  to controller: 0 2
read from controller: 3 0 0 4
write  to controller: 0 3
read from controller: 1 3 0 0
write  to controller: 0 3
read from controller: 0 3 1 3
write  to controller: 2 1
read from controller: 3 0 4 0
write  to controller: 1 2
read from controller: 1 0 4 3
write  to controller: 2 2
read from controller: 0 3 0 0
write  to controller: 1 1
read from controller: 3 0 3 3
write  to controller: 1 1
read from controller: 1 3 3 0
write  to controller: 0 3
read from controller: 4 4 3 4
write  to controller: 0 2
read from controller: 4 4 3 0
write  to controller: 0 3
read from controller: 3 1 0 3
write  to controller: 2 1
read from controller: 0 1 0 4
write  to controller: 2 1
read from controller: 0 3 3 1
write  to controller: 1 2
read from controller: 0 0 0 4
write  to controller: 1 1
read from controller: 0 0 0 3
write  to controller: 2 0
read from controller: 0 4 4 1
write  to controller: 2 1
read from controller: 0 1 0 3
write  to controller: 3 0
read from controller: 3 3 0 0
write  to controller: 0 2
read from controller: 3 4 4 0
write  to controller: 1 2
read from controller: 3 1 3 1
write  to controller: 1 1
read from controller: 4 0 0 1
write  to controller: 0 3
read from controller: 3 1 0 0
write  to controller: 1 2
read from controller: 1 3 1 3
write  to controller: 1 1
read from controller: 0 4 1 0
write  to controller: 1 2
read from controller: 1 0 0 3
write  to controller: 1 2
read from controller: 1 4 0 0
write  to controller: 0 3
read from controller: 0 0 3 1
write  to controller: 1 2
read from controller: 3 0 1 3
write  to controller: 1 2
read from controller: 0 0 3 3
write  to controller: 2 0
read from controller: 1 3 0 3
write  to controller: 1 2
read from controller: 0 0 1 0
write  to controller: 1 1
read from controller: 0 3 3 0
write  to controller: 1 1
read from controller: 1 3 3 4
write  to controller: 0 3
read from controller: 3 3 1 0
write  to controller: 0 3
read from controller: 3 4 3 4
write  to controller: 0 2
read from controller: 1 0 4 0
write  to controller: 1 2
read from controller: 0 3 4 3
write  to controller: 3 0
read from controller: 0 4 0 1
write  to controller: 1 2
read from controller: 0 0 4 0
write  to controller: 2 0
read from controller: 3 0 4 3
write  to controller: 2 1
read from controller: 4 3 0 1
write  to controller: 0 4
read from controller: 4 0 3 1
write  to controller: 0 4
read from controller: 3 4 1 0
write  to controller: 0 4
read from controller: 4 3 1 0
write  to controller: 0 4
read from controller: 0 4 3 1
write  to controller: 1 3
read from controller: 1 4 3 0
write  to controller: 0 4
read from controller: 3 0 4 1
write  to controller: 1 3
read from controller: 4 0 1 3
write  to controller: 1 3
read from controller: 1 0 3 4
write  to controller: 0 4
read from controller: 3 1 0 4
write  to controller: 1 3
read from controller: 3 0 1 4
write  to controller: 0 4
read from controller: 3 4 0 1
write  to controller: 0 4
read from controller: 4 1 3 0
write  to controller: 1 3
read from controller: 0 4 1 3
write  to controller: 2 2
read from controller: 3 1 4 0
write  to controller: 2 2
read from controller: 1 3 4 0
write  to controller: 1 3
read from controller: 0 1 4 3
write  to controller: 4 0

number of guesses:    315
Done!
